<?xml version="1.0" encoding="UTF-8"?>
<!-- Generated by org.testng.reporters.JUnitReportReporter -->
<testsuite hostname="Saikrish-PC" failures="0" tests="3" name="com.test.orange.TestOrangeDp" time="48.349" errors="0" timestamp="2021-11-26T21:25:43 IST" skipped="0">
  <testcase classname="com.test.orange.TestOrangeDp" name="loginApp" time="10.938"/>
  <system-out/>
  <testcase classname="com.test.orange.TestOrangeDp" name="loginApp" time="24.538"/>
  <system-out/>
  <testcase classname="com.test.orange.TestOrangeDp" name="loginApp" time="12.873"/>
  <system-out/>
</testsuite> <!-- com.test.orange.TestOrangeDp -->
