<?xml version="1.0" encoding="UTF-8"?>
<!-- Generated by org.testng.reporters.JUnitReportReporter -->
<testsuite hostname="Saikrish-PC" failures="0" tests="1" name="com.test.orange.TestOrangeParam" time="49.491" errors="0" timestamp="2021-11-26T21:07:36 IST" skipped="0">
  <testcase classname="com.test.orange.TestOrangeParam" name="loginApp" time="49.491"/>
  <system-out/>
</testsuite> <!-- com.test.orange.TestOrangeParam -->
