<?xml version="1.0" encoding="UTF-8"?>
<!-- Generated by org.testng.reporters.JUnitReportReporter -->
<testsuite skipped="0" hostname="Saikrish-PC" name="com.test.orange.TestOrangehrm" tests="1" failures="0" timestamp="2021-11-25T18:42:47 IST" time="43.384" errors="0">
  <testcase name="openOrangeHrm" time="43.384" classname="com.test.orange.TestOrangehrm"/>
  <system-out/>
</testsuite> <!-- com.test.orange.TestOrangehrm -->
